D:\SKYDRIVE\DOCUMENTS\LR\TOOLS\MYTRIALS\LRONE\DEBUG\LOGISTICREGRESSION.OBJ
D:\SKYDRIVE\DOCUMENTS\LR\TOOLS\MYTRIALS\LRONE\DEBUG\MAIN.OBJ
D:\SKYDRIVE\DOCUMENTS\LR\TOOLS\MYTRIALS\LRONE\DEBUG\VC110.PDB
D:\SkyDrive\Documents\LR\tools\MyTrials\LROne\Debug\LogisticRegression.obj
D:\SkyDrive\Documents\LR\tools\MyTrials\LROne\Debug\main.obj
D:\SkyDrive\Documents\LR\tools\MyTrials\LROne\Debug\cl.command.1.tlog
D:\SkyDrive\Documents\LR\tools\MyTrials\LROne\Debug\CL.read.1.tlog
D:\SkyDrive\Documents\LR\tools\MyTrials\LROne\Debug\CL.write.1.tlog
D:\SkyDrive\Documents\LR\tools\MyTrials\LROne\Debug\link-cvtres.read.1.tlog
D:\SkyDrive\Documents\LR\tools\MyTrials\LROne\Debug\link-cvtres.write.1.tlog
D:\SkyDrive\Documents\LR\tools\MyTrials\LROne\Debug\link-rc.read.1.tlog
D:\SkyDrive\Documents\LR\tools\MyTrials\LROne\Debug\link-rc.write.1.tlog
D:\SkyDrive\Documents\LR\tools\MyTrials\LROne\Debug\link.command.1.tlog
D:\SkyDrive\Documents\LR\tools\MyTrials\LROne\Debug\link.read.1.tlog
D:\SkyDrive\Documents\LR\tools\MyTrials\LROne\Debug\link.write.1.tlog
D:\SkyDrive\Documents\LR\tools\MyTrials\LROne\Debug\LROne.exe.embed.manifest
D:\SkyDrive\Documents\LR\tools\MyTrials\LROne\Debug\LROne.exe.intermediate.manifest
D:\SkyDrive\Documents\LR\tools\MyTrials\LROne\Debug\LROne.exe.embed.manifest.res
D:\SkyDrive\Documents\LR\tools\MyTrials\LROne\Debug\vc110.idb
D:\SkyDrive\Documents\LR\tools\MyTrials\LROne\Debug\vc90.idb
D:\SkyDrive\Documents\LR\tools\MyTrials\LROne\Debug\LROne.pdb
D:\SkyDrive\Documents\LR\tools\MyTrials\LROne\Debug\vc110.pdb
D:\SkyDrive\Documents\LR\tools\MyTrials\LROne\Debug\vc90.pdb
